<?xml version="1.0" encoding="UTF-8"?>
<!-- Generated by org.testng.reporters.JUnitXMLReporter -->
<testsuite hostname="DESKTOP-7QNSL67" name="Test" tests="1" failures="1" timestamp="6 Jul 2021 09:36:01 GMT" time="0.029" errors="0">
  <testcase name="Test1" time="0.013" classname="TestNGListeners.ITestListenersClass">
    <failure type="java.lang.AssertionError" message="expected [true] but found [false]">
      <![CDATA[java.lang.AssertionError: expected [true] but found [false]
	at TestNGListeners.ITestListenersClass.Test1(ITestListenersClass.java:12)
... Removed 29 stack frames]]>
    </failure>
  </testcase> <!-- Test1 -->
</testsuite> <!-- Test -->
